# JRE version: Java(TM) SE Runtime Environment (17.0.10+11) (build 17.0.10+11-LTS-240)
# Java VM: Java HotSpot(TM) 64-Bit Server VM (17.0.10+11-LTS-240, mixed mode, sharing, tiered, compressed oops, compressed class ptrs, g1 gc, windows-amd64)
GC Precious Log:
 CPUs: 8 total, 8 available
 Memory: 10176M
 Large Page Support: Disabled
 NUMA Support: Disabled
 Compressed Oops: Enabled (Zero based)
 Heap Region Size: 2M
 Heap Min Capacity: 8M
 Heap Initial Capacity: 160M
 Heap Max Capacity: 2546M
 Pre-touch: Disabled
 Parallel Workers: 8
 Concurrent Workers: 2
 Concurrent Refinement Workers: 8
 Periodic GC: Disabled
Heap:
 garbage-first heap   total 61440K, used 39880K [0x0000000760e00000, 0x0000000800000000)
  region size 2048K, 10 young (20480K), 2 survivors (4096K)
 Metaspace       used 66172K, committed 66752K, reserved 1114112K
  class space    used 9037K, committed 9280K, reserved 1048576K
GC Heap History (20 events):
Event: 4.275 GC heap before
{Heap before GC invocations=4 (full 0):
 garbage-first heap   total 61440K, used 41750K [0x0000000760e00000, 0x0000000800000000)
  region size 2048K, 18 young (36864K), 4 survivors (8192K)
 Metaspace       used 25580K, committed 25920K, reserved 1114112K
  class space    used 3296K, committed 3456K, reserved 1048576K
}
Event: 4.284 GC heap after
{Heap after GC invocations=5 (full 0):
 garbage-first heap   total 61440K, used 14726K [0x0000000760e00000, 0x0000000800000000)
  region size 2048K, 2 young (4096K), 2 survivors (4096K)
 Metaspace       used 25580K, committed 25920K, reserved 1114112K
  class space    used 3296K, committed 3456K, reserved 1048576K
}
Event: 4.352 GC heap before
{Heap before GC invocations=5 (full 0):
 garbage-first heap   total 61440K, used 16774K [0x0000000760e00000, 0x0000000800000000)
  region size 2048K, 3 young (6144K), 2 survivors (4096K)
 Metaspace       used 25776K, committed 26112K, reserved 1114112K
  class space    used 3319K, committed 3456K, reserved 1048576K
}
Event: 4.355 GC heap after
{Heap after GC invocations=6 (full 0):
 garbage-first heap   total 61440K, used 15155K [0x0000000760e00000, 0x0000000800000000)
  region size 2048K, 1 young (2048K), 1 survivors (2048K)
 Metaspace       used 25776K, committed 26112K, reserved 1114112K
  class space    used 3319K, committed 3456K, reserved 1048576K
}
Event: 5.454 GC heap before
{Heap before GC invocations=6 (full 0):
 garbage-first heap   total 61440K, used 37683K [0x0000000760e00000, 0x0000000800000000)
  region size 2048K, 12 young (24576K), 1 survivors (2048K)
 Metaspace       used 29885K, committed 30272K, reserved 1114112K
  class space    used 3896K, committed 4096K, reserved 1048576K
}
Event: 5.459 GC heap after
{Heap after GC invocations=7 (full 0):
 garbage-first heap   total 61440K, used 17019K [0x0000000760e00000, 0x0000000800000000)
  region size 2048K, 2 young (4096K), 2 survivors (4096K)
 Metaspace       used 29885K, committed 30272K, reserved 1114112K
  class space    used 3896K, committed 4096K, reserved 1048576K
}
Event: 6.499 GC heap before
{Heap before GC invocations=7 (full 0):
 garbage-first heap   total 61440K, used 37499K [0x0000000760e00000, 0x0000000800000000)
  region size 2048K, 13 young (26624K), 2 survivors (4096K)
 Metaspace       used 33745K, committed 34240K, reserved 1114112K
  class space    used 4405K, committed 4608K, reserved 1048576K
}
Event: 6.504 GC heap after
{Heap after GC invocations=8 (full 0):
 garbage-first heap   total 61440K, used 18433K [0x0000000760e00000, 0x0000000800000000)
  region size 2048K, 1 young (2048K), 1 survivors (2048K)
 Metaspace       used 33745K, committed 34240K, reserved 1114112K
  class space    used 4405K, committed 4608K, reserved 1048576K
}
Event: 6.691 GC heap before
{Heap before GC invocations=8 (full 0):
 garbage-first heap   total 61440K, used 22529K [0x0000000760e00000, 0x0000000800000000)
  region size 2048K, 4 young (8192K), 1 survivors (2048K)
 Metaspace       used 35555K, committed 35968K, reserved 1114112K
  class space    used 4591K, committed 4800K, reserved 1048576K
}
Event: 6.695 GC heap after
{Heap after GC invocations=9 (full 0):
 garbage-first heap   total 61440K, used 18748K [0x0000000760e00000, 0x0000000800000000)
  region size 2048K, 1 young (2048K), 1 survivors (2048K)
 Metaspace       used 35555K, committed 35968K, reserved 1114112K
  class space    used 4591K, committed 4800K, reserved 1048576K
}
Event: 8.247 GC heap before
{Heap before GC invocations=10 (full 0):
 garbage-first heap   total 61440K, used 41276K [0x0000000760e00000, 0x0000000800000000)
  region size 2048K, 13 young (26624K), 1 survivors (2048K)
 Metaspace       used 43984K, committed 44480K, reserved 1114112K
  class space    used 5633K, committed 5824K, reserved 1048576K
}
Event: 8.252 GC heap after
{Heap after GC invocations=11 (full 0):
 garbage-first heap   total 61440K, used 21075K [0x0000000760e00000, 0x0000000800000000)
  region size 2048K, 2 young (4096K), 2 survivors (4096K)
 Metaspace       used 43984K, committed 44480K, reserved 1114112K
  class space    used 5633K, committed 5824K, reserved 1048576K
}
Event: 9.501 GC heap before
{Heap before GC invocations=11 (full 0):
 garbage-first heap   total 61440K, used 43603K [0x0000000760e00000, 0x0000000800000000)
  region size 2048K, 13 young (26624K), 2 survivors (4096K)
 Metaspace       used 49148K, committed 49664K, reserved 1114112K
  class space    used 6480K, committed 6720K, reserved 1048576K
}
Event: 9.507 GC heap after
{Heap after GC invocations=12 (full 0):
 garbage-first heap   total 61440K, used 22518K [0x0000000760e00000, 0x0000000800000000)
  region size 2048K, 1 young (2048K), 1 survivors (2048K)
 Metaspace       used 49148K, committed 49664K, reserved 1114112K
  class space    used 6480K, committed 6720K, reserved 1048576K
}
Event: 10.327 GC heap before
{Heap before GC invocations=12 (full 0):
 garbage-first heap   total 61440K, used 45046K [0x0000000760e00000, 0x0000000800000000)
  region size 2048K, 12 young (24576K), 1 survivors (2048K)
 Metaspace       used 54349K, committed 54848K, reserved 1114112K
  class space    used 7184K, committed 7424K, reserved 1048576K
}
Event: 10.330 GC heap after
{Heap after GC invocations=13 (full 0):
 garbage-first heap   total 61440K, used 23149K [0x0000000760e00000, 0x0000000800000000)
  region size 2048K, 2 young (4096K), 2 survivors (4096K)
 Metaspace       used 54349K, committed 54848K, reserved 1114112K
  class space    used 7184K, committed 7424K, reserved 1048576K
}
Event: 10.887 GC heap before
{Heap before GC invocations=13 (full 0):
 garbage-first heap   total 61440K, used 37485K [0x0000000760e00000, 0x0000000800000000)
  region size 2048K, 11 young (22528K), 2 survivors (4096K)
 Metaspace       used 59773K, committed 60288K, reserved 1114112K
  class space    used 8106K, committed 8384K, reserved 1048576K
}
Event: 10.890 GC heap after
{Heap after GC invocations=14 (full 0):
 garbage-first heap   total 61440K, used 23864K [0x0000000760e00000, 0x0000000800000000)
  region size 2048K, 2 young (4096K), 2 survivors (4096K)
 Metaspace       used 59773K, committed 60288K, reserved 1114112K
  class space    used 8106K, committed 8384K, reserved 1048576K
}
Event: 11.626 GC heap before
{Heap before GC invocations=15 (full 0):
 garbage-first heap   total 61440K, used 46392K [0x0000000760e00000, 0x0000000800000000)
  region size 2048K, 13 young (26624K), 2 survivors (4096K)
 Metaspace       used 64396K, committed 64960K, reserved 1114112K
  class space    used 8765K, committed 9024K, reserved 1048576K
}
Event: 11.633 GC heap after
{Heap after GC invocations=16 (full 0):
 garbage-first heap   total 61440K, used 25544K [0x0000000760e00000, 0x0000000800000000)
  region size 2048K, 2 young (4096K), 2 survivors (4096K)
 Metaspace       used 64396K, committed 64960K, reserved 1114112K
  class space    used 8765K, committed 9024K, reserved 1048576K
}

