# JRE version: Java(TM) SE Runtime Environment (17.0.10+11) (build 17.0.10+11-LTS-240)
# Java VM: Java HotSpot(TM) 64-Bit Server VM (17.0.10+11-LTS-240, mixed mode, sharing, tiered, compressed oops, compressed class ptrs, g1 gc, windows-amd64)
GC Precious Log:
 CPUs: 8 total, 8 available
 Memory: 10176M
 Large Page Support: Disabled
 NUMA Support: Disabled
 Compressed Oops: Enabled (Zero based)
 Heap Region Size: 2M
 Heap Min Capacity: 8M
 Heap Initial Capacity: 160M
 Heap Max Capacity: 2546M
 Pre-touch: Disabled
 Parallel Workers: 8
 Concurrent Workers: 2
 Concurrent Refinement Workers: 8
 Periodic GC: Disabled
Heap:
 garbage-first heap   total 61440K, used 41238K [0x0000000760e00000, 0x0000000800000000)
  region size 2048K, 11 young (22528K), 2 survivors (4096K)
 Metaspace       used 63205K, committed 63744K, reserved 1114112K
  class space    used 8638K, committed 8896K, reserved 1048576K
GC Heap History (20 events):
Event: 4.835 GC heap before
{Heap before GC invocations=2 (full 0):
 garbage-first heap   total 163840K, used 57967K [0x0000000760e00000, 0x0000000800000000)
  region size 2048K, 28 young (57344K), 2 survivors (4096K)
 Metaspace       used 21286K, committed 21504K, reserved 1114112K
  class space    used 2695K, committed 2816K, reserved 1048576K
}
Event: 4.843 GC heap after
{Heap after GC invocations=3 (full 0):
 garbage-first heap   total 163840K, used 13222K [0x0000000760e00000, 0x0000000800000000)
  region size 2048K, 4 young (8192K), 4 survivors (8192K)
 Metaspace       used 21286K, committed 21504K, reserved 1114112K
  class space    used 2695K, committed 2816K, reserved 1048576K
}
Event: 6.326 GC heap before
{Heap before GC invocations=4 (full 0):
 garbage-first heap   total 61440K, used 41894K [0x0000000760e00000, 0x0000000800000000)
  region size 2048K, 18 young (36864K), 4 survivors (8192K)
 Metaspace       used 24629K, committed 24896K, reserved 1114112K
  class space    used 3163K, committed 3264K, reserved 1048576K
}
Event: 6.334 GC heap after
{Heap after GC invocations=5 (full 0):
 garbage-first heap   total 61440K, used 15048K [0x0000000760e00000, 0x0000000800000000)
  region size 2048K, 2 young (4096K), 2 survivors (4096K)
 Metaspace       used 24629K, committed 24896K, reserved 1114112K
  class space    used 3163K, committed 3264K, reserved 1048576K
}
Event: 6.442 GC heap before
{Heap before GC invocations=5 (full 0):
 garbage-first heap   total 61440K, used 15048K [0x0000000760e00000, 0x0000000800000000)
  region size 2048K, 3 young (6144K), 2 survivors (4096K)
 Metaspace       used 24963K, committed 25216K, reserved 1114112K
  class space    used 3215K, committed 3328K, reserved 1048576K
}
Event: 6.445 GC heap after
{Heap after GC invocations=6 (full 0):
 garbage-first heap   total 61440K, used 15414K [0x0000000760e00000, 0x0000000800000000)
  region size 2048K, 1 young (2048K), 1 survivors (2048K)
 Metaspace       used 24963K, committed 25216K, reserved 1114112K
  class space    used 3215K, committed 3328K, reserved 1048576K
}
Event: 8.071 GC heap before
{Heap before GC invocations=6 (full 0):
 garbage-first heap   total 61440K, used 37942K [0x0000000760e00000, 0x0000000800000000)
  region size 2048K, 12 young (24576K), 1 survivors (2048K)
 Metaspace       used 29184K, committed 29632K, reserved 1114112K
  class space    used 3852K, committed 4032K, reserved 1048576K
}
Event: 8.076 GC heap after
{Heap after GC invocations=7 (full 0):
 garbage-first heap   total 61440K, used 17440K [0x0000000760e00000, 0x0000000800000000)
  region size 2048K, 2 young (4096K), 2 survivors (4096K)
 Metaspace       used 29184K, committed 29632K, reserved 1114112K
  class space    used 3852K, committed 4032K, reserved 1048576K
}
Event: 9.001 GC heap before
{Heap before GC invocations=7 (full 0):
 garbage-first heap   total 61440K, used 39968K [0x0000000760e00000, 0x0000000800000000)
  region size 2048K, 13 young (26624K), 2 survivors (4096K)
 Metaspace       used 32131K, committed 32640K, reserved 1114112K
  class space    used 4193K, committed 4416K, reserved 1048576K
}
Event: 9.005 GC heap after
{Heap after GC invocations=8 (full 0):
 garbage-first heap   total 61440K, used 18962K [0x0000000760e00000, 0x0000000800000000)
  region size 2048K, 1 young (2048K), 1 survivors (2048K)
 Metaspace       used 32131K, committed 32640K, reserved 1114112K
  class space    used 4193K, committed 4416K, reserved 1048576K
}
Event: 9.655 GC heap before
{Heap before GC invocations=8 (full 0):
 garbage-first heap   total 61440K, used 29202K [0x0000000760e00000, 0x0000000800000000)
  region size 2048K, 7 young (14336K), 1 survivors (2048K)
 Metaspace       used 35583K, committed 35968K, reserved 1114112K
  class space    used 4600K, committed 4800K, reserved 1048576K
}
Event: 9.659 GC heap after
{Heap after GC invocations=9 (full 0):
 garbage-first heap   total 61440K, used 19756K [0x0000000760e00000, 0x0000000800000000)
  region size 2048K, 2 young (4096K), 2 survivors (4096K)
 Metaspace       used 35583K, committed 35968K, reserved 1114112K
  class space    used 4600K, committed 4800K, reserved 1048576K
}
Event: 12.299 GC heap before
{Heap before GC invocations=10 (full 0):
 garbage-first heap   total 61440K, used 42284K [0x0000000760e00000, 0x0000000800000000)
  region size 2048K, 14 young (28672K), 2 survivors (4096K)
 Metaspace       used 43919K, committed 44480K, reserved 1114112K
  class space    used 5617K, committed 5888K, reserved 1048576K
}
Event: 12.304 GC heap after
{Heap after GC invocations=11 (full 0):
 garbage-first heap   total 61440K, used 22135K [0x0000000760e00000, 0x0000000800000000)
  region size 2048K, 2 young (4096K), 2 survivors (4096K)
 Metaspace       used 43919K, committed 44480K, reserved 1114112K
  class space    used 5617K, committed 5888K, reserved 1048576K
}
Event: 13.345 GC heap before
{Heap before GC invocations=11 (full 0):
 garbage-first heap   total 61440K, used 44663K [0x0000000760e00000, 0x0000000800000000)
  region size 2048K, 13 young (26624K), 2 survivors (4096K)
 Metaspace       used 49146K, committed 49664K, reserved 1114112K
  class space    used 6480K, committed 6720K, reserved 1048576K
}
Event: 13.350 GC heap after
{Heap after GC invocations=12 (full 0):
 garbage-first heap   total 61440K, used 23412K [0x0000000760e00000, 0x0000000800000000)
  region size 2048K, 1 young (2048K), 1 survivors (2048K)
 Metaspace       used 49146K, committed 49664K, reserved 1114112K
  class space    used 6480K, committed 6720K, reserved 1048576K
}
Event: 14.191 GC heap before
{Heap before GC invocations=12 (full 0):
 garbage-first heap   total 61440K, used 45940K [0x0000000760e00000, 0x0000000800000000)
  region size 2048K, 12 young (24576K), 1 survivors (2048K)
 Metaspace       used 54452K, committed 54976K, reserved 1114112K
  class space    used 7191K, committed 7424K, reserved 1048576K
}
Event: 14.193 GC heap after
{Heap after GC invocations=13 (full 0):
 garbage-first heap   total 61440K, used 24151K [0x0000000760e00000, 0x0000000800000000)
  region size 2048K, 2 young (4096K), 2 survivors (4096K)
 Metaspace       used 54452K, committed 54976K, reserved 1114112K
  class space    used 7191K, committed 7424K, reserved 1048576K
}
Event: 14.977 GC heap before
{Heap before GC invocations=13 (full 0):
 garbage-first heap   total 61440K, used 40535K [0x0000000760e00000, 0x0000000800000000)
  region size 2048K, 11 young (22528K), 2 survivors (4096K)
 Metaspace       used 59756K, committed 60288K, reserved 1114112K
  class space    used 8109K, committed 8384K, reserved 1048576K
}
Event: 14.981 GC heap after
{Heap after GC invocations=14 (full 0):
 garbage-first heap   total 61440K, used 24854K [0x0000000760e00000, 0x0000000800000000)
  region size 2048K, 2 young (4096K), 2 survivors (4096K)
 Metaspace       used 59756K, committed 60288K, reserved 1114112K
  class space    used 8109K, committed 8384K, reserved 1048576K
}

